<?xml version="1.0" encoding="UTF-8"?>
<!-- Generated by org.testng.reporters.JUnitXMLReporter -->
<testsuite hostname="prashant-PC" ignored="0" name="BankingApp Test" tests="4" failures="0" timestamp="05 Apr 2020 17:52:00 GMT" time="123.872" errors="0">
  <testcase name="loginTest" time="27.851" classname="com.inetbanking.testCases.TC_LoginPage_001"/>
  <testcase name="loginTest" time="27.583" classname="com.inetbanking.testCases.TC_LoginPage_001"/>
  <testcase name="loginTest" time="27.617" classname="com.inetbanking.testCases.TC_LoginPage_001"/>
  <testcase name="loginTest" time="27.23" classname="com.inetbanking.testCases.TC_LoginPage_001"/>
</testsuite> <!-- BankingApp Test -->
