<?xml version="1.0" encoding="UTF-8"?>
<!-- Generated by org.testng.reporters.JUnitXMLReporter -->
<testsuite hostname="prashant-PC" ignored="0" name="BankingApp Test" tests="4" failures="0" timestamp="06 Apr 2020 17:16:49 GMT" time="138.009" errors="0">
  <testcase name="loginTest" time="29.496" classname="com.inetbanking.testCases.TC_LoginPage_001"/>
  <testcase name="loginTest" time="26.863" classname="com.inetbanking.testCases.TC_LoginPage_001"/>
  <testcase name="loginTest" time="28.833" classname="com.inetbanking.testCases.TC_LoginPage_001"/>
  <testcase name="loginTest" time="27.205" classname="com.inetbanking.testCases.TC_LoginPage_001"/>
</testsuite> <!-- BankingApp Test -->
