<?xml version="1.0" encoding="UTF-8"?>
<!-- Generated by org.testng.reporters.JUnitXMLReporter -->
<testsuite hostname="prashant-PC" ignored="0" name="BankingApp Test" tests="4" failures="0" timestamp="05 Apr 2020 18:12:41 GMT" time="122.798" errors="0">
  <testcase name="loginTest" time="28.299" classname="com.inetbanking.testCases.TC_LoginPage_001"/>
  <testcase name="loginTest" time="27.312" classname="com.inetbanking.testCases.TC_LoginPage_001"/>
  <testcase name="loginTest" time="27.836" classname="com.inetbanking.testCases.TC_LoginPage_001"/>
  <testcase name="loginTest" time="28.431" classname="com.inetbanking.testCases.TC_LoginPage_001"/>
</testsuite> <!-- BankingApp Test -->
