<?xml version="1.0" encoding="UTF-8"?>
<testng-results skipped="0" failed="0" ignored="0" total="4" passed="4">
  <reporter-output>
  </reporter-output>
  <suite name="InetBankingV1" duration-ms="138009" started-at="2020-04-06T17:14:30Z" finished-at="2020-04-06T17:16:48Z">
    <groups>
    </groups>
    <test name="BankingApp Test" duration-ms="138009" started-at="2020-04-06T17:14:30Z" finished-at="2020-04-06T17:16:48Z">
      <class name="com.inetbanking.testCases.TC_LoginPage_001">
        <test-method status="PASS" signature="setUp(java.lang.String)[pri:0, instance:com.inetbanking.testCases.TC_LoginPage_001@506e6d5e]" name="setUp" is-config="true" duration-ms="22873" started-at="2020-04-06T17:14:31Z" finished-at="2020-04-06T17:14:54Z">
          <params>
            <param index="0">
              <value>
                <![CDATA[chrome]]>
              </value>
            </param>
          </params>
          <reporter-output>
          </reporter-output>
        </test-method> <!-- setUp -->
        <test-method status="PASS" signature="loginTest(java.lang.String, java.lang.String)[pri:0, instance:com.inetbanking.testCases.TC_LoginPage_001@506e6d5e]" name="loginTest" duration-ms="29496" started-at="2020-04-06T17:14:55Z" data-provider="LoginData" finished-at="2020-04-06T17:15:25Z">
          <params>
            <param index="0">
              <value>
                <![CDATA[mngr252594]]>
              </value>
            </param>
            <param index="1">
              <value>
                <![CDATA[zarAgYv]]>
              </value>
            </param>
          </params>
          <reporter-output>
          </reporter-output>
        </test-method> <!-- loginTest -->
        <test-method status="PASS" signature="loginTest(java.lang.String, java.lang.String)[pri:0, instance:com.inetbanking.testCases.TC_LoginPage_001@506e6d5e]" name="loginTest" duration-ms="26863" started-at="2020-04-06T17:15:25Z" data-provider="LoginData" finished-at="2020-04-06T17:15:52Z">
          <params>
            <param index="0">
              <value>
                <![CDATA[mngr252594]]>
              </value>
            </param>
            <param index="1">
              <value>
                <![CDATA[zarAgYv]]>
              </value>
            </param>
          </params>
          <reporter-output>
          </reporter-output>
        </test-method> <!-- loginTest -->
        <test-method status="PASS" signature="loginTest(java.lang.String, java.lang.String)[pri:0, instance:com.inetbanking.testCases.TC_LoginPage_001@506e6d5e]" name="loginTest" duration-ms="28833" started-at="2020-04-06T17:15:52Z" data-provider="LoginData" finished-at="2020-04-06T17:16:21Z">
          <params>
            <param index="0">
              <value>
                <![CDATA[mngr252594]]>
              </value>
            </param>
            <param index="1">
              <value>
                <![CDATA[zarAgYv]]>
              </value>
            </param>
          </params>
          <reporter-output>
          </reporter-output>
        </test-method> <!-- loginTest -->
        <test-method status="PASS" signature="loginTest(java.lang.String, java.lang.String)[pri:0, instance:com.inetbanking.testCases.TC_LoginPage_001@506e6d5e]" name="loginTest" duration-ms="27205" started-at="2020-04-06T17:16:21Z" data-provider="LoginData" finished-at="2020-04-06T17:16:48Z">
          <params>
            <param index="0">
              <value>
                <![CDATA[mngr252594]]>
              </value>
            </param>
            <param index="1">
              <value>
                <![CDATA[zarAgYv]]>
              </value>
            </param>
          </params>
          <reporter-output>
          </reporter-output>
        </test-method> <!-- loginTest -->
        <test-method status="PASS" signature="tearDown()[pri:0, instance:com.inetbanking.testCases.TC_LoginPage_001@506e6d5e]" name="tearDown" is-config="true" duration-ms="684" started-at="2020-04-06T17:16:48Z" finished-at="2020-04-06T17:16:48Z">
          <reporter-output>
          </reporter-output>
        </test-method> <!-- tearDown -->
      </class> <!-- com.inetbanking.testCases.TC_LoginPage_001 -->
    </test> <!-- BankingApp Test -->
  </suite> <!-- InetBankingV1 -->
</testng-results>
