<?xml version="1.0" encoding="UTF-8"?>
<testng-results skipped="0" failed="0" ignored="0" total="4" passed="4">
  <reporter-output>
  </reporter-output>
  <suite name="InetBankingV1" duration-ms="122798" started-at="2020-04-05T18:10:39Z" finished-at="2020-04-05T18:12:41Z">
    <groups>
    </groups>
    <test name="BankingApp Test" duration-ms="122798" started-at="2020-04-05T18:10:39Z" finished-at="2020-04-05T18:12:41Z">
      <class name="com.inetbanking.testCases.TC_LoginPage_001">
        <test-method status="PASS" signature="setUp(java.lang.String)[pri:0, instance:com.inetbanking.testCases.TC_LoginPage_001@506e6d5e]" name="setUp" is-config="true" duration-ms="8290" started-at="2020-04-05T18:10:39Z" finished-at="2020-04-05T18:10:47Z">
          <params>
            <param index="0">
              <value>
                <![CDATA[chrome]]>
              </value>
            </param>
          </params>
          <reporter-output>
          </reporter-output>
        </test-method> <!-- setUp -->
        <test-method status="PASS" signature="loginTest(java.lang.String, java.lang.String)[pri:0, instance:com.inetbanking.testCases.TC_LoginPage_001@506e6d5e]" name="loginTest" duration-ms="28299" started-at="2020-04-05T18:10:49Z" data-provider="LoginData" finished-at="2020-04-05T18:11:17Z">
          <params>
            <param index="0">
              <value>
                <![CDATA[mngr252594]]>
              </value>
            </param>
            <param index="1">
              <value>
                <![CDATA[zarAgYv]]>
              </value>
            </param>
          </params>
          <reporter-output>
          </reporter-output>
        </test-method> <!-- loginTest -->
        <test-method status="PASS" signature="loginTest(java.lang.String, java.lang.String)[pri:0, instance:com.inetbanking.testCases.TC_LoginPage_001@506e6d5e]" name="loginTest" duration-ms="27312" started-at="2020-04-05T18:11:17Z" data-provider="LoginData" finished-at="2020-04-05T18:11:44Z">
          <params>
            <param index="0">
              <value>
                <![CDATA[mngr252594]]>
              </value>
            </param>
            <param index="1">
              <value>
                <![CDATA[zarAgYv]]>
              </value>
            </param>
          </params>
          <reporter-output>
          </reporter-output>
        </test-method> <!-- loginTest -->
        <test-method status="PASS" signature="loginTest(java.lang.String, java.lang.String)[pri:0, instance:com.inetbanking.testCases.TC_LoginPage_001@506e6d5e]" name="loginTest" duration-ms="27836" started-at="2020-04-05T18:11:44Z" data-provider="LoginData" finished-at="2020-04-05T18:12:12Z">
          <params>
            <param index="0">
              <value>
                <![CDATA[mngr252594]]>
              </value>
            </param>
            <param index="1">
              <value>
                <![CDATA[zarAgYv]]>
              </value>
            </param>
          </params>
          <reporter-output>
          </reporter-output>
        </test-method> <!-- loginTest -->
        <test-method status="PASS" signature="loginTest(java.lang.String, java.lang.String)[pri:0, instance:com.inetbanking.testCases.TC_LoginPage_001@506e6d5e]" name="loginTest" duration-ms="28431" started-at="2020-04-05T18:12:12Z" data-provider="LoginData" finished-at="2020-04-05T18:12:41Z">
          <params>
            <param index="0">
              <value>
                <![CDATA[mngr252594]]>
              </value>
            </param>
            <param index="1">
              <value>
                <![CDATA[zarAgYv]]>
              </value>
            </param>
          </params>
          <reporter-output>
          </reporter-output>
        </test-method> <!-- loginTest -->
        <test-method status="PASS" signature="tearDown()[pri:0, instance:com.inetbanking.testCases.TC_LoginPage_001@506e6d5e]" name="tearDown" is-config="true" duration-ms="715" started-at="2020-04-05T18:12:41Z" finished-at="2020-04-05T18:12:41Z">
          <reporter-output>
          </reporter-output>
        </test-method> <!-- tearDown -->
      </class> <!-- com.inetbanking.testCases.TC_LoginPage_001 -->
    </test> <!-- BankingApp Test -->
  </suite> <!-- InetBankingV1 -->
</testng-results>
