<?xml version="1.0" encoding="UTF-8"?>
<testng-results skipped="0" failed="0" ignored="0" total="4" passed="4">
  <reporter-output>
  </reporter-output>
  <suite name="InetBankingV1" duration-ms="123872" started-at="2020-04-05T17:49:56Z" finished-at="2020-04-05T17:52:00Z">
    <groups>
    </groups>
    <test name="BankingApp Test" duration-ms="123872" started-at="2020-04-05T17:49:56Z" finished-at="2020-04-05T17:52:00Z">
      <class name="com.inetbanking.testCases.TC_LoginPage_001">
        <test-method status="PASS" signature="setUp(java.lang.String)[pri:0, instance:com.inetbanking.testCases.TC_LoginPage_001@4dfa3a9d]" name="setUp" is-config="true" duration-ms="10867" started-at="2020-04-05T17:49:57Z" finished-at="2020-04-05T17:50:07Z">
          <params>
            <param index="0">
              <value>
                <![CDATA[chrome]]>
              </value>
            </param>
          </params>
          <reporter-output>
          </reporter-output>
        </test-method> <!-- setUp -->
        <test-method status="PASS" signature="loginTest(java.lang.String, java.lang.String)[pri:0, instance:com.inetbanking.testCases.TC_LoginPage_001@4dfa3a9d]" name="loginTest" duration-ms="27851" started-at="2020-04-05T17:50:09Z" data-provider="LoginData" finished-at="2020-04-05T17:50:37Z">
          <params>
            <param index="0">
              <value>
                <![CDATA[mngr252594]]>
              </value>
            </param>
            <param index="1">
              <value>
                <![CDATA[zarAgYv]]>
              </value>
            </param>
          </params>
          <reporter-output>
          </reporter-output>
        </test-method> <!-- loginTest -->
        <test-method status="PASS" signature="loginTest(java.lang.String, java.lang.String)[pri:0, instance:com.inetbanking.testCases.TC_LoginPage_001@4dfa3a9d]" name="loginTest" duration-ms="27583" started-at="2020-04-05T17:50:37Z" data-provider="LoginData" finished-at="2020-04-05T17:51:04Z">
          <params>
            <param index="0">
              <value>
                <![CDATA[mngr252594]]>
              </value>
            </param>
            <param index="1">
              <value>
                <![CDATA[zarAgYv]]>
              </value>
            </param>
          </params>
          <reporter-output>
          </reporter-output>
        </test-method> <!-- loginTest -->
        <test-method status="PASS" signature="loginTest(java.lang.String, java.lang.String)[pri:0, instance:com.inetbanking.testCases.TC_LoginPage_001@4dfa3a9d]" name="loginTest" duration-ms="27617" started-at="2020-04-05T17:51:04Z" data-provider="LoginData" finished-at="2020-04-05T17:51:32Z">
          <params>
            <param index="0">
              <value>
                <![CDATA[mngr252594]]>
              </value>
            </param>
            <param index="1">
              <value>
                <![CDATA[zarAgYv]]>
              </value>
            </param>
          </params>
          <reporter-output>
          </reporter-output>
        </test-method> <!-- loginTest -->
        <test-method status="PASS" signature="loginTest(java.lang.String, java.lang.String)[pri:0, instance:com.inetbanking.testCases.TC_LoginPage_001@4dfa3a9d]" name="loginTest" duration-ms="27230" started-at="2020-04-05T17:51:32Z" data-provider="LoginData" finished-at="2020-04-05T17:51:59Z">
          <params>
            <param index="0">
              <value>
                <![CDATA[mngr252594]]>
              </value>
            </param>
            <param index="1">
              <value>
                <![CDATA[zarAgYv]]>
              </value>
            </param>
          </params>
          <reporter-output>
          </reporter-output>
        </test-method> <!-- loginTest -->
        <test-method status="PASS" signature="tearDown()[pri:0, instance:com.inetbanking.testCases.TC_LoginPage_001@4dfa3a9d]" name="tearDown" is-config="true" duration-ms="746" started-at="2020-04-05T17:51:59Z" finished-at="2020-04-05T17:52:00Z">
          <reporter-output>
          </reporter-output>
        </test-method> <!-- tearDown -->
      </class> <!-- com.inetbanking.testCases.TC_LoginPage_001 -->
    </test> <!-- BankingApp Test -->
  </suite> <!-- InetBankingV1 -->
</testng-results>
